  [1m[36m (0.9ms)[0m  [1mCREATE TABLE "schema_migrations" ("version" varchar NOT NULL) [0m
  [1m[35m (0.4ms)[0m  select sqlite_version(*)
  [1m[36m (1.0ms)[0m  [1mCREATE UNIQUE INDEX "unique_schema_migrations" ON "schema_migrations" ("version")[0m
  [1m[35mActiveRecord::SchemaMigration Load (0.1ms)[0m  SELECT "schema_migrations".* FROM "schema_migrations"
Migrating to CreateVendors (20150709084943)
  [1m[36m (0.1ms)[0m  [1mbegin transaction[0m
  [1m[35m (0.9ms)[0m  CREATE TABLE "vendors" ("id" INTEGER PRIMARY KEY AUTOINCREMENT NOT NULL, "name" varchar, "created_at" datetime NOT NULL, "updated_at" datetime NOT NULL) 
  [1m[36mSQL (0.3ms)[0m  [1mINSERT INTO "schema_migrations" ("version") VALUES (?)[0m  [["version", "20150709084943"]]
  [1m[35m (0.7ms)[0m  commit transaction
Migrating to CreateSuyas (20150709085118)
  [1m[36m (0.1ms)[0m  [1mbegin transaction[0m
  [1m[35m (0.5ms)[0m  CREATE TABLE "suyas" ("id" INTEGER PRIMARY KEY AUTOINCREMENT NOT NULL, "type" varchar, "spicy" boolean, "vendor_id" integer, "created_at" datetime NOT NULL, "updated_at" datetime NOT NULL) 
  [1m[36m (0.2ms)[0m  [1mCREATE  INDEX "index_suyas_on_vendor_id" ON "suyas" ("vendor_id")[0m
  [1m[35mSQL (0.2ms)[0m  INSERT INTO "schema_migrations" ("version") VALUES (?)  [["version", "20150709085118"]]
  [1m[36m (0.8ms)[0m  [1mcommit transaction[0m
  [1m[35mActiveRecord::SchemaMigration Load (0.1ms)[0m  SELECT "schema_migrations".* FROM "schema_migrations"
  [1m[36m (0.3ms)[0m  [1m            SELECT sql
            FROM sqlite_master
            WHERE name='index_suyas_on_vendor_id' AND type='index'
            UNION ALL
            SELECT sql
            FROM sqlite_temp_master
            WHERE name='index_suyas_on_vendor_id' AND type='index'
[0m
  [1m[36mActiveRecord::SchemaMigration Load (0.3ms)[0m  [1mSELECT "schema_migrations".* FROM "schema_migrations"[0m
Migrating to RenameTypeInSuyas (20150709093432)
  [1m[35m (0.1ms)[0m  begin transaction
  [1m[36m (1.5ms)[0m  [1mCREATE TEMPORARY TABLE "asuyas" ("id" INTEGER PRIMARY KEY AUTOINCREMENT NOT NULL, "meat" varchar, "spicy" boolean, "vendor_id" integer, "created_at" datetime NOT NULL, "updated_at" datetime NOT NULL) [0m
  [1m[35m (0.1ms)[0m              SELECT sql
            FROM sqlite_master
            WHERE name='index_suyas_on_vendor_id' AND type='index'
            UNION ALL
            SELECT sql
            FROM sqlite_temp_master
            WHERE name='index_suyas_on_vendor_id' AND type='index'

  [1m[36m (0.1ms)[0m  [1mselect sqlite_version(*)[0m
  [1m[35m (0.1ms)[0m  CREATE  INDEX "tindex_asuyas_on_vendor_id" ON "asuyas" ("vendor_id")
  [1m[36m (0.3ms)[0m  [1mSELECT * FROM "suyas"[0m
  [1m[35m (1.1ms)[0m  DROP TABLE "suyas"
  [1m[36m (0.2ms)[0m  [1mCREATE TABLE "suyas" ("id" INTEGER PRIMARY KEY AUTOINCREMENT NOT NULL, "meat" varchar, "spicy" boolean, "vendor_id" integer, "created_at" datetime NOT NULL, "updated_at" datetime NOT NULL) [0m
  [1m[35m (0.1ms)[0m              SELECT sql
            FROM sqlite_master
            WHERE name='tindex_asuyas_on_vendor_id' AND type='index'
            UNION ALL
            SELECT sql
            FROM sqlite_temp_master
            WHERE name='tindex_asuyas_on_vendor_id' AND type='index'

  [1m[36m (0.1ms)[0m  [1mCREATE  INDEX "index_suyas_on_vendor_id" ON "suyas" ("vendor_id")[0m
  [1m[35m (0.0ms)[0m  SELECT * FROM "asuyas"
  [1m[36m (0.3ms)[0m  [1mDROP TABLE "asuyas"[0m
  [1m[35m (0.1ms)[0m              SELECT sql
            FROM sqlite_master
            WHERE name='index_suyas_on_vendor_id' AND type='index'
            UNION ALL
            SELECT sql
            FROM sqlite_temp_master
            WHERE name='index_suyas_on_vendor_id' AND type='index'

  [1m[36mSQL (0.3ms)[0m  [1mINSERT INTO "schema_migrations" ("version") VALUES (?)[0m  [["version", "20150709093432"]]
  [1m[35m (1.2ms)[0m  commit transaction
  [1m[36mActiveRecord::SchemaMigration Load (0.1ms)[0m  [1mSELECT "schema_migrations".* FROM "schema_migrations"[0m
  [1m[35m (0.2ms)[0m              SELECT sql
            FROM sqlite_master
            WHERE name='index_suyas_on_vendor_id' AND type='index'
            UNION ALL
            SELECT sql
            FROM sqlite_temp_master
            WHERE name='index_suyas_on_vendor_id' AND type='index'

  [1m[36mActiveRecord::SchemaMigration Load (0.4ms)[0m  [1mSELECT "schema_migrations".* FROM "schema_migrations"[0m
  [1m[35mActiveRecord::SchemaMigration Load (0.1ms)[0m  SELECT "schema_migrations".* FROM "schema_migrations"
  [1m[36m (0.1ms)[0m  [1m            SELECT sql
            FROM sqlite_master
            WHERE name='index_suyas_on_vendor_id' AND type='index'
            UNION ALL
            SELECT sql
            FROM sqlite_temp_master
            WHERE name='index_suyas_on_vendor_id' AND type='index'
[0m
